09:32:09 INFO  : updated workspace path: 
09:32:09 INFO  : Traceback (most recent call last):
09:32:09 INFO  :   File "/tools/Xilinx/Vitis/2024.2/data/embeddedsw/scripts/pyesw//repo.py", line 13, in <module>
09:32:09 INFO  :     import utils
09:32:09 INFO  :   File "/tools/Xilinx/Vitis/2024.2/data/embeddedsw/scripts/pyesw/utils.py", line 16, in <module>
09:32:09 INFO  :     import yaml
09:32:09 INFO  : ModuleNotFoundError: No module named 'yaml'
09:32:09 ERROR : Error in Creating Embedded Repositories at '/tmp/rigel_lopper_pgilc15897336030607917529'.
09:32:09 ERROR : Error in Creating Embedded Repositories at '/tmp/rigel_lopper_pgilc15897336030607917529'.
09:32:10 INFO  : bash, -c, source /tools/Xilinx/Vitis/2024.2/tps/lnx64/lopper-1.1.0/env/bin/activate && python /tools/Xilinx/Vitis/2024.2/data/embeddedsw/scripts/pyesw//repo.py -st  /tools/Xilinx/Vitis/2024.2/data/embeddedsw && deactivate
09:32:10 INFO  : Traceback (most recent call last):
09:32:10 INFO  :   File "/tools/Xilinx/Vitis/2024.2/data/embeddedsw/scripts/pyesw//repo.py", line 13, in <module>
09:32:10 INFO  :     import utils
09:32:10 INFO  :   File "/tools/Xilinx/Vitis/2024.2/data/embeddedsw/scripts/pyesw/utils.py", line 16, in <module>
09:32:10 INFO  :     import yaml
09:32:10 INFO  : ModuleNotFoundError: No module named 'yaml'
09:32:10 ERROR : Error in Creating Embedded Repositories at '/tmp/rigel_lopper_pgilc10901907612335323787'.
09:32:10 ERROR : Error in Creating Embedded Repositories at '/tmp/rigel_lopper_pgilc10901907612335323787'.
09:34:51 INFO  : Terminating Vitis C++ Server
09:34:51 INFO  : connection terminated
09:34:51 INFO  : connection terminated
09:34:51 INFO  : scheduling shutdown timer for 2 seconds ...
09:34:51 INFO  : Vitis C++ Server terminated
